{"level":"info","message":"Server iniciado en el puerto 8080"}
{"level":"info","message":"Server iniciado en el puerto 8080"}
{"level":"info","message":"Server iniciado en el puerto 8080"}
{"level":"info","message":"Server iniciado en el puerto 8080"}
{"level":"info","message":"Server iniciado en el puerto 8080"}
{"level":"info","message":"Server iniciado en el puerto 8080"}
{"level":"info","message":"Server iniciado en el puerto 8080"}
{"level":"info","message":"Server iniciado en el puerto 8080"}
{"level":"info","message":"Server iniciado en el puerto 8080"}
{"level":"info","message":"Server iniciado en el puerto 8080"}
{"age":67,"cart":"64b6b9c29790ba99d110695c","email":"carrio@mail.com","exp":1691500271,"first_name":"elisa","iat":1691499071,"last_name":"carrio","level":"info","message":"payload--->","role":"user","userId":"64b6b9c29790ba99d110695e"}
{"_message":"products validation failed","errors":{"category":{"kind":"required","message":"Path `category` is required.","name":"ValidatorError","path":"category","properties":{"message":"Path `category` is required.","path":"category","type":"required"}}},"level":"error","message":"products validation failed: category: Path `category` is required.","name":"ValidationError"}
{"level":"error"}
{"level":"error"}
{"level":"error","message":"error undefined"}
{"age":67,"cart":"64b6b9c29790ba99d110695c","email":"carrio@mail.com","exp":1691500271,"first_name":"elisa","iat":1691499071,"last_name":"carrio","level":"info","message":"payload--->","role":"user","userId":"64b6b9c29790ba99d110695e"}
{"_message":"products validation failed","errors":{"category":{"kind":"required","message":"Path `category` is required.","name":"ValidatorError","path":"category","properties":{"message":"Path `category` is required.","path":"category","type":"required"}}},"level":"error","message":"products validation failed: category: Path `category` is required.","name":"ValidationError"}
{"level":"error"}
{"level":"error"}
{"level":"error","message":"error undefined"}
{"level":"info","message":"Server iniciado en el puerto 8080"}
{"age":67,"cart":"64b6b9c29790ba99d110695c","email":"carrio@mail.com","exp":1691500271,"first_name":"elisa","iat":1691499071,"last_name":"carrio","level":"info","message":"payload--->","role":"user","userId":"64b6b9c29790ba99d110695e"}
{"_message":"products validation failed","errors":{"category":{"kind":"required","message":"Path `category` is required.","name":"ValidatorError","path":"category","properties":{"message":"Path `category` is required.","path":"category","type":"required"}}},"level":"error","message":"products validation failed: category: Path `category` is required.","name":"ValidationError"}
{"level":"error"}
{"level":"error"}
{"level":"error","message":"error undefined"}
{"level":"info","message":"Server iniciado en el puerto 8080"}
{"age":67,"cart":"64b6b9c29790ba99d110695c","email":"carrio@mail.com","exp":1691500271,"first_name":"elisa","iat":1691499071,"last_name":"carrio","level":"info","message":"payload--->","role":"user","userId":"64b6b9c29790ba99d110695e"}
{"_message":"products validation failed","errors":{"category":{"kind":"required","message":"Path `category` is required.","name":"ValidatorError","path":"category","properties":{"message":"Path `category` is required.","path":"category","type":"required"}}},"level":"error","message":"products validation failed: category: Path `category` is required.","name":"ValidationError"}
{"level":"error"}
{"level":"error"}
{"level":"error","message":"error undefined"}
{"level":"info","message":"Server iniciado en el puerto 8080"}
{"age":67,"cart":"64b6b9c29790ba99d110695c","email":"carrio@mail.com","exp":1691500271,"first_name":"elisa","iat":1691499071,"last_name":"carrio","level":"info","message":"payload--->","role":"user","userId":"64b6b9c29790ba99d110695e"}
{"_message":"products validation failed","errors":{"category":{"kind":"required","message":"Path `category` is required.","name":"ValidatorError","path":"category","properties":{"message":"Path `category` is required.","path":"category","type":"required"}}},"level":"error","message":"products validation failed: category: Path `category` is required.","name":"ValidationError"}
{"level":"error"}
{"level":"error"}
{"level":"error","message":"error undefined"}
{"level":"info","message":"Server iniciado en el puerto 8080"}
{"age":67,"cart":"64b6b9c29790ba99d110695c","email":"carrio@mail.com","exp":1691501899,"first_name":"elisa","iat":1691500699,"last_name":"carrio","level":"info","message":"payload--->","role":"user","userId":"64b6b9c29790ba99d110695e"}
{"level":"info","message":"Server iniciado en el puerto 8080"}
{"age":67,"cart":"64b6b9c29790ba99d110695c","email":"carrio@mail.com","exp":1691501899,"first_name":"elisa","iat":1691500699,"last_name":"carrio","level":"info","message":"payload--->","role":"user","userId":"64b6b9c29790ba99d110695e"}
{"level":"info","message":"Server iniciado en el puerto 8080"}
{"age":67,"cart":"64b6b9c29790ba99d110695c","email":"carrio@mail.com","exp":1691501899,"first_name":"elisa","iat":1691500699,"last_name":"carrio","level":"info","message":"payload--->","role":"user","userId":"64b6b9c29790ba99d110695e"}
